<?xml version="1.0" encoding="UTF-8"?>
<!-- Generated by org.testng.reporters.JUnitXMLReporter -->
<testsuite hostname="DESKTOP-6R9UGKN" name="Default test" tests="4" failures="0" timestamp="26 Aug 2019 11:30:18 GMT" time="0.061" errors="0">
  <testcase name="loginTest" time="0.008" classname="com.Selenium.TestNgFeatures"/>
  <testcase name="homePgaeTest" time="0.0" classname="com.Selenium.TestNgFeatures"/>
  <testcase name="regPageTest" time="0.0" classname="com.Selenium.TestNgFeatures"/>
  <testcase name="searchPageTest" time="0.0" classname="com.Selenium.TestNgFeatures"/>
</testsuite> <!-- Default test -->
